\BOOKMARK [0][-]{chapter*.1}{Acknowledgements}{}% 1
\BOOKMARK [0][-]{chapter*.2}{Abbreviations}{}% 2
\BOOKMARK [0][-]{chapter*.3}{Contents}{}% 3
\BOOKMARK [0][-]{chapter.1}{Introduction}{}% 4
\BOOKMARK [1][-]{section.1.1}{Problem Statement}{chapter.1}% 5
\BOOKMARK [1][-]{section.1.2}{Thesis Aims}{chapter.1}% 6
\BOOKMARK [1][-]{section.1.3}{Chapter Outline}{chapter.1}% 7
\BOOKMARK [0][-]{chapter.2}{Background: The Fundamentals of Dialect Identification and An Introduction into Dialectal Arabic}{}% 8
\BOOKMARK [1][-]{section.2.1}{Introduction into Language and Dialect Identifiers}{chapter.2}% 9
\BOOKMARK [2][-]{subsection.2.1.1}{Performance Metrics}{section.2.1}% 10
\BOOKMARK [1][-]{section.2.2}{Introduction into Transfer Learning}{chapter.2}% 11
\BOOKMARK [2][-]{subsection.2.2.1}{Pretrained Models}{section.2.2}% 12
\BOOKMARK [2][-]{subsection.2.2.2}{Feature Extraction}{section.2.2}% 13
\BOOKMARK [2][-]{subsection.2.2.3}{Quantisation}{section.2.2}% 14
\BOOKMARK [2][-]{subsection.2.2.4}{Context Network: Transformer Encoder-Decoders}{section.2.2}% 15
\BOOKMARK [1][-]{section.2.3}{Introduction to Dialectal Arabic}{chapter.2}% 16
\BOOKMARK [0][-]{chapter.3}{Literature Review}{}% 17
\BOOKMARK [1][-]{section.3.1}{An Introduction to LID and DID systems}{chapter.3}% 18
\BOOKMARK [1][-]{section.3.2}{Traditional Methodologies}{chapter.3}% 19
\BOOKMARK [2][-]{subsection.3.2.1}{Phonematic Modelling}{section.3.2}% 20
\BOOKMARK [2][-]{subsection.3.2.2}{Traditional Machine Learning}{section.3.2}% 21
\BOOKMARK [1][-]{section.3.3}{Transfer Learning}{chapter.3}% 22
\BOOKMARK [2][-]{subsection.3.3.1}{Pretrained Models}{section.3.3}% 23
\BOOKMARK [0][-]{chapter.4}{Methodologies: Design and Implementations}{}% 24
\BOOKMARK [1][-]{section.4.1}{Dataset}{chapter.4}% 25
\BOOKMARK [1][-]{section.4.2}{Implementation of Arabic DID System}{chapter.4}% 26
\BOOKMARK [2][-]{subsection.4.2.1}{Overall System Design}{section.4.2}% 27
\BOOKMARK [2][-]{subsection.4.2.2}{Pre-training}{section.4.2}% 28
\BOOKMARK [2][-]{subsection.4.2.3}{Fine-tuning}{section.4.2}% 29
\BOOKMARK [2][-]{subsection.4.2.4}{Downstream Network}{section.4.2}% 30
\BOOKMARK [0][-]{chapter.5}{Experiments, Results and Analysis}{}% 31
\BOOKMARK [1][-]{section.5.1}{Preliminary experimentation}{chapter.5}% 32
\BOOKMARK [1][-]{section.5.2}{Fine-Tuning an Umbrella Arabic DID}{chapter.5}% 33
\BOOKMARK [2][-]{subsection.5.2.1}{Assessment of Performance of Pretrained Models}{section.5.2}% 34
\BOOKMARK [2][-]{subsection.5.2.2}{Exploring Noise filtering}{section.5.2}% 35
\BOOKMARK [2][-]{subsection.5.2.3}{Effect of Utterance Length}{section.5.2}% 36
\BOOKMARK [2][-]{subsection.5.2.4}{Fine-tuning with addition of a Downstream Model}{section.5.2}% 37
\BOOKMARK [2][-]{subsection.5.2.5}{Fine-tuning with Encoder layers}{section.5.2}% 38
\BOOKMARK [1][-]{section.5.3}{Counteracting Data Bias}{chapter.5}% 39
\BOOKMARK [1][-]{section.5.4}{Assessing Robustness}{chapter.5}% 40
\BOOKMARK [2][-]{subsection.5.4.1}{Amount of Training Data}{section.5.4}% 41
\BOOKMARK [2][-]{subsection.5.4.2}{Adaptability to Regional DID}{section.5.4}% 42
\BOOKMARK [1][-]{section.5.5}{Summary of Results}{chapter.5}% 43
\BOOKMARK [0][-]{chapter.6}{Conclusion}{}% 44
\BOOKMARK [1][-]{section.6.1}{Future Work}{chapter.6}% 45
\BOOKMARK [1][-]{section.6.2}{Broader Impact}{chapter.6}% 46
\BOOKMARK [0][-]{chapter*.15}{Bibliography}{}% 47
\BOOKMARK [0][-]{appendix.A}{Appendices}{}% 48
\BOOKMARK [1][-]{section.A.1}{Appendix A - Additional Fine-Tuning Results}{appendix.A}% 49
