\BOOKMARK [0][-]{chapter*.1}{Acknowledgements}{}% 1
\BOOKMARK [0][-]{chapter*.2}{Abbreviations}{}% 2
\BOOKMARK [0][-]{chapter*.3}{Contents}{}% 3
\BOOKMARK [0][-]{chapter.1}{Introduction}{}% 4
\BOOKMARK [1][-]{section.1.1}{Problem Statement}{chapter.1}% 5
\BOOKMARK [1][-]{section.1.2}{Thesis Aims}{chapter.1}% 6
\BOOKMARK [1][-]{section.1.3}{Chapter Outline}{chapter.1}% 7
\BOOKMARK [0][-]{chapter.2}{Background}{}% 8
\BOOKMARK [1][-]{section.2.1}{Arabic Dialects}{chapter.2}% 9
\BOOKMARK [0][-]{chapter.3}{Literature Review}{}% 10
\BOOKMARK [1][-]{section.3.1}{An Introduction to LID and DID systems}{chapter.3}% 11
\BOOKMARK [1][-]{section.3.2}{Traditional Methodologies}{chapter.3}% 12
\BOOKMARK [2][-]{subsection.3.2.1}{Phonematic Modeling}{section.3.2}% 13
\BOOKMARK [2][-]{subsection.3.2.2}{Traditional Machine Learning}{section.3.2}% 14
\BOOKMARK [1][-]{section.3.3}{Transfer Learning}{chapter.3}% 15
\BOOKMARK [2][-]{subsection.3.3.1}{Pretrained Models}{section.3.3}% 16
\BOOKMARK [0][-]{chapter.4}{Thesis Outline}{}% 17
\BOOKMARK [1][-]{section.4.1}{Proposed Approach}{chapter.4}% 18
\BOOKMARK [1][-]{section.4.2}{Expected Outcomes}{chapter.4}% 19
\BOOKMARK [0][-]{chapter.5}{Preliminary Work}{}% 20
\BOOKMARK [1][-]{section.5.1}{Dataset Analysis}{chapter.5}% 21
\BOOKMARK [2][-]{subsection.5.1.1}{Dataset Selection}{section.5.1}% 22
\BOOKMARK [2][-]{subsection.5.1.2}{ADI17 Dataset}{section.5.1}% 23
\BOOKMARK [0][-]{chapter.6}{Thesis Plan}{}% 24
\BOOKMARK [1][-]{section.6.1}{Timeline Overview}{chapter.6}% 25
\BOOKMARK [1][-]{section.6.2}{Thesis B}{chapter.6}% 26
\BOOKMARK [2][-]{subsection.6.2.1}{Aims}{section.6.2}% 27
\BOOKMARK [2][-]{subsection.6.2.2}{Task Breakdown}{section.6.2}% 28
\BOOKMARK [1][-]{section.6.3}{Thesis C}{chapter.6}% 29
\BOOKMARK [2][-]{subsection.6.3.1}{Aims}{section.6.3}% 30
\BOOKMARK [2][-]{subsection.6.3.2}{Task Breakdown}{section.6.3}% 31
\BOOKMARK [1][-]{section.6.4}{Possible Challenges}{chapter.6}% 32
\BOOKMARK [0][-]{chapter.7}{Conclusion}{}% 33
\BOOKMARK [0][-]{chapter*.4}{Bibliography}{}% 34
\BOOKMARK [0][-]{appendix*.5}{Appendix A - Risk Assessment Form}{}% 35
