This is pdfTeX, Version 3.14159265-2.6-1.40.19 (TeX Live 2018) (preloaded format=pdflatex 2019.3.24)  28 APR 2022 23:00
entering extended mode
 restricted \write18 enabled.
 file:line:error style messages enabled.
 %&-line parsing enabled.
**/Users/myounes/Documents/Code/thesis/thesisA/thesis.tex
(/Users/myounes/Documents/Code/thesis/thesisA/thesis.tex
LaTeX2e <2018-04-01> patch level 2
Babel <3.18> and hyphenation patterns for 84 language(s) loaded.
(/usr/local/texlive/2018/texmf-dist/tex/latex/base/report.cls
Document Class: report 2014/09/29 v1.4h Standard LaTeX document class
(/usr/local/texlive/2018/texmf-dist/tex/latex/base/size12.clo
File: size12.clo 2014/09/29 v1.4h Standard LaTeX file (size option)
)
\c@part=\count80
\c@chapter=\count81
\c@section=\count82
\c@subsection=\count83
\c@subsubsection=\count84
\c@paragraph=\count85
\c@subparagraph=\count86
\c@figure=\count87
\c@table=\count88
\abovecaptionskip=\skip41
\belowcaptionskip=\skip42
\bibindent=\dimen102
)
\@input{latexdefs.aux}
\openout2 = `latexdefs.aux'.

(/Users/myounes/Documents/Code/thesis/thesisA/latexdefs.tex (/usr/local/texlive/2018/texmf-dist/tex/latex/xcolor/xcolor.sty
Package: xcolor 2016/05/11 v2.12 LaTeX color extensions (UK)
 (/usr/local/texlive/2018/texmf-dist/tex/latex/graphics-cfg/color.cfg
File: color.cfg 2016/01/02 v1.6 sample color configuration
)
Package xcolor Info: Driver file: pdftex.def on input line 225.
 (/usr/local/texlive/2018/texmf-dist/tex/latex/graphics-def/pdftex.def
File: pdftex.def 2018/01/08 v1.0l Graphics/color driver for pdftex
)
Package xcolor Info: Model `cmy' substituted by `cmy0' on input line 1348.
Package xcolor Info: Model `hsb' substituted by `rgb' on input line 1352.
Package xcolor Info: Model `RGB' extended on input line 1364.
Package xcolor Info: Model `HTML' substituted by `rgb' on input line 1366.
Package xcolor Info: Model `Hsb' substituted by `hsb' on input line 1367.
Package xcolor Info: Model `tHsb' substituted by `hsb' on input line 1368.
Package xcolor Info: Model `HSB' substituted by `hsb' on input line 1369.
Package xcolor Info: Model `Gray' substituted by `gray' on input line 1370.
Package xcolor Info: Model `wave' substituted by `hsb' on input line 1371.
) (/usr/local/texlive/2018/texmf-dist/tex/latex/pslatex/pslatex.sty
Package: pslatex 1996/07/24 v1.2 pslatex emulation (DPC)
LaTeX Font Info:    Redeclaring symbol font `operators' on input line 65.
LaTeX Font Info:    Overwriting symbol font `operators' in version `normal'
(Font)                  OT1/cmr/m/n --> OT1/ptmcm/m/n on input line 65.
LaTeX Font Info:    Overwriting symbol font `operators' in version `bold'
(Font)                  OT1/cmr/bx/n --> OT1/ptmcm/m/n on input line 65.
LaTeX Font Info:    Redeclaring symbol font `letters' on input line 66.
LaTeX Font Info:    Overwriting symbol font `letters' in version `normal'
(Font)                  OML/cmm/m/it --> OML/ptmcm/m/it on input line 66.
LaTeX Font Info:    Overwriting symbol font `letters' in version `bold'
(Font)                  OML/cmm/b/it --> OML/ptmcm/m/it on input line 66.
LaTeX Font Info:    Redeclaring symbol font `symbols' on input line 67.
LaTeX Font Info:    Overwriting symbol font `symbols' in version `normal'
(Font)                  OMS/cmsy/m/n --> OMS/pzccm/m/n on input line 67.
LaTeX Font Info:    Overwriting symbol font `symbols' in version `bold'
(Font)                  OMS/cmsy/b/n --> OMS/pzccm/m/n on input line 67.
LaTeX Font Info:    Redeclaring symbol font `largesymbols' on input line 68.
LaTeX Font Info:    Overwriting symbol font `largesymbols' in version `normal'
(Font)                  OMX/cmex/m/n --> OMX/psycm/m/n on input line 68.
LaTeX Font Info:    Overwriting symbol font `largesymbols' in version `bold'
(Font)                  OMX/cmex/m/n --> OMX/psycm/m/n on input line 68.
\symbold=\mathgroup4
\symitalic=\mathgroup5
LaTeX Font Info:    Redeclaring math alphabet \mathbf on input line 74.
LaTeX Font Info:    Overwriting math alphabet `\mathbf' in version `normal'
(Font)                  OT1/cmr/bx/n --> OT1/ptm/bx/n on input line 74.
LaTeX Font Info:    Overwriting math alphabet `\mathbf' in version `bold'
(Font)                  OT1/cmr/bx/n --> OT1/ptm/bx/n on input line 74.
LaTeX Font Info:    Redeclaring math alphabet \mathit on input line 75.
LaTeX Font Info:    Overwriting math alphabet `\mathit' in version `normal'
(Font)                  OT1/cmr/m/it --> OT1/ptm/m/it on input line 75.
LaTeX Font Info:    Overwriting math alphabet `\mathit' in version `bold'
(Font)                  OT1/cmr/bx/it --> OT1/ptm/m/it on input line 75.
) (/usr/local/texlive/2018/texmf-dist/tex/latex/geometry/geometry.sty
Package: geometry 2018/03/24 v5.7 Page Geometry
 (/usr/local/texlive/2018/texmf-dist/tex/latex/graphics/keyval.sty
Package: keyval 2014/10/28 v1.15 key=value parser (DPC)
\KV@toks@=\toks14
) (/usr/local/texlive/2018/texmf-dist/tex/generic/oberdiek/ifpdf.sty
Package: ifpdf 2017/03/15 v3.2 Provides the ifpdf switch
) (/usr/local/texlive/2018/texmf-dist/tex/generic/oberdiek/ifvtex.sty
Package: ifvtex 2016/05/16 v1.6 Detect VTeX and its facilities (HO)
Package ifvtex Info: VTeX not detected.
) (/usr/local/texlive/2018/texmf-dist/tex/generic/ifxetex/ifxetex.sty
Package: ifxetex 2010/09/12 v0.6 Provides ifxetex conditional
)
\Gm@cnth=\count89
\Gm@cntv=\count90
\c@Gm@tempcnt=\count91
\Gm@bindingoffset=\dimen103
\Gm@wd@mp=\dimen104
\Gm@odd@mp=\dimen105
\Gm@even@mp=\dimen106
\Gm@layoutwidth=\dimen107
\Gm@layoutheight=\dimen108
\Gm@layouthoffset=\dimen109
\Gm@layoutvoffset=\dimen110
\Gm@dimlist=\toks15
) (/usr/local/texlive/2018/texmf-dist/tex/generic/babel/babel.sty
Package: babel 2018/02/14 3.18 The Babel package
 (/usr/local/texlive/2018/texmf-dist/tex/generic/babel/switch.def
File: switch.def 2018/02/14 3.18 Babel switching mechanism
) (/usr/local/texlive/2018/texmf-dist/tex/generic/babel-english/english.ldf
Language: english 2017/06/06 v3.3r English support from the babel system
 (/usr/local/texlive/2018/texmf-dist/tex/generic/babel/babel.def
File: babel.def 2018/02/14 3.18 Babel common definitions
\babel@savecnt=\count92
\U@D=\dimen111
 (/usr/local/texlive/2018/texmf-dist/tex/generic/babel/txtbabel.def)
\bbl@dirlevel=\count93
)
\l@canadian = a dialect from \language\l@american 
\l@australian = a dialect from \language\l@british 
\l@newzealand = a dialect from \language\l@british 
)) (/usr/local/texlive/2018/texmf-dist/tex/latex/units/units.sty
Package: units 1998/08/04 v0.9b Typesetting units
 (/usr/local/texlive/2018/texmf-dist/tex/latex/base/ifthen.sty
Package: ifthen 2014/09/29 v1.1c Standard LaTeX ifthen package (DPC)
) (/usr/local/texlive/2018/texmf-dist/tex/latex/units/nicefrac.sty
Package: nicefrac 1998/08/04 v0.9b Nice fractions
\L@UnitsRaiseDisplaystyle=\skip43
\L@UnitsRaiseTextstyle=\skip44
\L@UnitsRaiseScriptstyle=\skip45
)) (/usr/local/texlive/2018/texmf-dist/tex/latex/url/url.sty
\Urlmuskip=\muskip10
Package: url 2013/09/16  ver 3.4  Verb mode for urls, etc.
) (/usr/local/texlive/2018/texmf-dist/tex/latex/hyperref/hyperref.sty
Package: hyperref 2018/02/06 v6.86b Hypertext links for LaTeX
 (/usr/local/texlive/2018/texmf-dist/tex/generic/oberdiek/hobsub-hyperref.sty
Package: hobsub-hyperref 2016/05/16 v1.14 Bundle oberdiek, subset hyperref (HO)
 (/usr/local/texlive/2018/texmf-dist/tex/generic/oberdiek/hobsub-generic.sty
Package: hobsub-generic 2016/05/16 v1.14 Bundle oberdiek, subset generic (HO)
Package: hobsub 2016/05/16 v1.14 Construct package bundles (HO)
Package: infwarerr 2016/05/16 v1.4 Providing info/warning/error messages (HO)
Package: ltxcmds 2016/05/16 v1.23 LaTeX kernel commands for general use (HO)
Package: ifluatex 2016/05/16 v1.4 Provides the ifluatex switch (HO)
Package ifluatex Info: LuaTeX not detected.
Package hobsub Info: Skipping package `ifvtex' (already loaded).
Package: intcalc 2016/05/16 v1.2 Expandable calculations with integers (HO)
Package hobsub Info: Skipping package `ifpdf' (already loaded).
Package: etexcmds 2016/05/16 v1.6 Avoid name clashes with e-TeX commands (HO)
Package etexcmds Info: Could not find \expanded.
(etexcmds)             That can mean that you are not using pdfTeX 1.50 or
(etexcmds)             that some package has redefined \expanded.
(etexcmds)             In the latter case, load this package earlier.
Package: kvsetkeys 2016/05/16 v1.17 Key value parser (HO)
Package: kvdefinekeys 2016/05/16 v1.4 Define keys (HO)
Package: pdftexcmds 2018/01/30 v0.27 Utility functions of pdfTeX for LuaTeX (HO)
Package pdftexcmds Info: LuaTeX not detected.
Package pdftexcmds Info: \pdf@primitive is available.
Package pdftexcmds Info: \pdf@ifprimitive is available.
Package pdftexcmds Info: \pdfdraftmode found.
Package: pdfescape 2016/05/16 v1.14 Implements pdfTeX's escape features (HO)
Package: bigintcalc 2016/05/16 v1.4 Expandable calculations on big integers (HO)
Package: bitset 2016/05/16 v1.2 Handle bit-vector datatype (HO)
Package: uniquecounter 2016/05/16 v1.3 Provide unlimited unique counter (HO)
)
Package hobsub Info: Skipping package `hobsub' (already loaded).
Package: letltxmacro 2016/05/16 v1.5 Let assignment for LaTeX macros (HO)
Package: hopatch 2016/05/16 v1.3 Wrapper for package hooks (HO)
Package: xcolor-patch 2016/05/16 xcolor patch
Package: atveryend 2016/05/16 v1.9 Hooks at the very end of document (HO)
Package atveryend Info: \enddocument detected (standard20110627).
Package: atbegshi 2016/06/09 v1.18 At begin shipout hook (HO)
Package: refcount 2016/05/16 v3.5 Data extraction from label references (HO)
Package: hycolor 2016/05/16 v1.8 Color options for hyperref/bookmark (HO)
) (/usr/local/texlive/2018/texmf-dist/tex/latex/oberdiek/auxhook.sty
Package: auxhook 2016/05/16 v1.4 Hooks for auxiliary files (HO)
) (/usr/local/texlive/2018/texmf-dist/tex/latex/oberdiek/kvoptions.sty
Package: kvoptions 2016/05/16 v3.12 Key value format for package options (HO)
)
\@linkdim=\dimen112
\Hy@linkcounter=\count94
\Hy@pagecounter=\count95
 (/usr/local/texlive/2018/texmf-dist/tex/latex/hyperref/pd1enc.def
File: pd1enc.def 2018/02/06 v6.86b Hyperref: PDFDocEncoding definition (HO)
Now handling font encoding PD1 ...
... no UTF-8 mapping file for font encoding PD1
)
\Hy@SavedSpaceFactor=\count96
 (/usr/local/texlive/2018/texmf-dist/tex/latex/latexconfig/hyperref.cfg
File: hyperref.cfg 2002/06/06 v1.2 hyperref configuration of TeXLive
)
Package hyperref Info: Hyper figures OFF on input line 4509.
Package hyperref Info: Link nesting OFF on input line 4514.
Package hyperref Info: Hyper index ON on input line 4517.
Package hyperref Info: Plain pages OFF on input line 4524.
Package hyperref Info: Backreferencing OFF on input line 4529.
Package hyperref Info: Implicit mode ON; LaTeX internals redefined.
Package hyperref Info: Bookmarks ON on input line 4762.
\c@Hy@tempcnt=\count97
LaTeX Info: Redefining \url on input line 5115.
\XeTeXLinkMargin=\dimen113
\Fld@menulength=\count98
\Field@Width=\dimen114
\Fld@charsize=\dimen115
Package hyperref Info: Hyper figures OFF on input line 6369.
Package hyperref Info: Link nesting OFF on input line 6374.
Package hyperref Info: Hyper index ON on input line 6377.
Package hyperref Info: backreferencing OFF on input line 6384.
Package hyperref Info: Link coloring OFF on input line 6389.
Package hyperref Info: Link coloring with OCG OFF on input line 6394.
Package hyperref Info: PDF/A mode OFF on input line 6399.
LaTeX Info: Redefining \ref on input line 6439.
LaTeX Info: Redefining \pageref on input line 6443.
\Hy@abspage=\count99
\c@Item=\count100
\c@Hfootnote=\count101
)
Package hyperref Info: Driver (autodetected): hpdftex.
 (/usr/local/texlive/2018/texmf-dist/tex/latex/hyperref/hpdftex.def
File: hpdftex.def 2018/02/06 v6.86b Hyperref driver for pdfTeX
\Fld@listcount=\count102
\c@bookmark@seq@number=\count103
 (/usr/local/texlive/2018/texmf-dist/tex/latex/oberdiek/rerunfilecheck.sty
Package: rerunfilecheck 2016/05/16 v1.8 Rerun checks for auxiliary files (HO)
Package uniquecounter Info: New unique counter `rerunfilecheck' on input line 282.
)
\Hy@SectionHShift=\skip46
)
Package hyperref Info: Option `colorlinks' set `true' on input line 20.
 (/usr/local/texlive/2018/texmf-dist/tex/latex/graphics/graphicx.sty
Package: graphicx 2017/06/01 v1.1a Enhanced LaTeX Graphics (DPC,SPQR)
 (/usr/local/texlive/2018/texmf-dist/tex/latex/graphics/graphics.sty
Package: graphics 2017/06/25 v1.2c Standard LaTeX Graphics (DPC,SPQR)
 (/usr/local/texlive/2018/texmf-dist/tex/latex/graphics/trig.sty
Package: trig 2016/01/03 v1.10 sin cos tan (DPC)
) (/usr/local/texlive/2018/texmf-dist/tex/latex/graphics-cfg/graphics.cfg
File: graphics.cfg 2016/06/04 v1.11 sample graphics configuration
)
Package graphics Info: Driver file: pdftex.def on input line 99.
)
\Gin@req@height=\dimen116
\Gin@req@width=\dimen117
) (/usr/local/texlive/2018/texmf-dist/tex/latex/tools/array.sty
Package: array 2018/04/07 v2.4g Tabular extension package (FMi)
\col@sep=\dimen118
\ar@mcellbox=\box26
\extrarowheight=\dimen119
\NC@list=\toks16
\extratabsurround=\skip47
\backup@length=\skip48
\ar@cellbox=\box27
) (/usr/local/texlive/2018/texmf-dist/tex/latex/tools/verbatim.sty
Package: verbatim 2014/10/28 v1.5q LaTeX2e package for verbatim enhancements
\every@verbatim=\toks17
\verbatim@line=\toks18
\verbatim@in@stream=\read1
) (/usr/local/texlive/2018/texmf-dist/tex/latex/base/latexsym.sty
Package: latexsym 1998/08/17 v2.2e Standard LaTeX package (lasy symbols)
\symlasy=\mathgroup6
LaTeX Font Info:    Overwriting symbol font `lasy' in version `bold'
(Font)                  U/lasy/m/n --> U/lasy/b/n on input line 52.
) (/usr/local/texlive/2018/texmf-dist/tex/latex/sectsty/sectsty.sty
Package: sectsty 2002/02/25 v2.0.2 Commands to change all sectional heading styles
) (/usr/local/texlive/2018/texmf-dist/tex/latex/tocbibind/tocbibind.sty
Package: tocbibind 2010/10/13 v1.5k extra ToC listings
Package tocbibind Info: The document has chapter divisions on input line 50.


Package tocbibind Note: Using chapter style headings, unless overridden.

) (/usr/local/texlive/2018/texmf-dist/tex/latex/pdfpages/pdfpages.sty
Package: pdfpages 2017/10/31 v0.5l Insert pages of external PDF documents (AM)
 (/usr/local/texlive/2018/texmf-dist/tex/latex/tools/calc.sty
Package: calc 2017/05/25 v4.3 Infix arithmetic (KKT,FJ)
\calc@Acount=\count104
\calc@Bcount=\count105
\calc@Adimen=\dimen120
\calc@Bdimen=\dimen121
\calc@Askip=\skip49
\calc@Bskip=\skip50
LaTeX Info: Redefining \setlength on input line 80.
LaTeX Info: Redefining \addtolength on input line 81.
\calc@Ccount=\count106
\calc@Cskip=\skip51
) (/usr/local/texlive/2018/texmf-dist/tex/latex/eso-pic/eso-pic.sty
Package: eso-pic 2015/07/21 v2.0g eso-pic (RN)
)
\AM@pagewidth=\dimen122
\AM@pageheight=\dimen123
 (/usr/local/texlive/2018/texmf-dist/tex/latex/pdfpages/pppdftex.def
File: pppdftex.def 2017/10/31 v0.5l Pdfpages driver for pdfTeX (AM)
)
\AM@pagebox=\box28
\AM@global@opts=\toks19
\AM@toc@title=\toks20
\c@AM@survey=\count107
\AM@templatesizebox=\box29
) (/usr/local/texlive/2018/texmf-dist/tex/latex/textgreek/textgreek.sty
Package: textgreek 2011/10/09 v0.7 Greek symbols in text
Package textgreek Info: Loading the definitions for the Greek fontencoding. on input line 39.
 (/usr/local/texlive/2018/texmf-dist/tex/latex/greek-fontenc/lgrenc.def
File: lgrenc.def 2015/12/07 v0.13.1 LGR Greek font encoding definitions
Now handling font encoding LGR ...
... processing UTF-8 mapping file for font encoding LGR
 (/usr/local/texlive/2018/texmf-dist/tex/latex/greek-inputenc/lgrenc.dfu
File: lgrenc.dfu 2015/08/05 1.6 UTF-8 support for Greek
   defining Unicode char U+00A8 (decimal 168)
   defining Unicode char U+00AB (decimal 171)
   defining Unicode char U+00AF (decimal 175)
   defining Unicode char U+00B4 (decimal 180)
   defining Unicode char U+00B7 (decimal 183)
   defining Unicode char U+00BB (decimal 187)
   defining Unicode char U+0259 (decimal 601)
   defining Unicode char U+02D8 (decimal 728)
   defining Unicode char U+2013 (decimal 8211)
   defining Unicode char U+2014 (decimal 8212)
   defining Unicode char U+2018 (decimal 8216)
   defining Unicode char U+2019 (decimal 8217)
   defining Unicode char U+201A (decimal 8218)
   defining Unicode char U+2030 (decimal 8240)
   defining Unicode char U+2039 (decimal 8249)
   defining Unicode char U+203A (decimal 8250)
   defining Unicode char U+20AC (decimal 8364)
   defining Unicode char U+0374 (decimal 884)
   defining Unicode char U+0375 (decimal 885)
   defining Unicode char U+037A (decimal 890)
   defining Unicode char U+037E (decimal 894)
   defining Unicode char U+0384 (decimal 900)
   defining Unicode char U+0385 (decimal 901)
   defining Unicode char U+0386 (decimal 902)
   defining Unicode char U+0387 (decimal 903)
   defining Unicode char U+0388 (decimal 904)
   defining Unicode char U+0389 (decimal 905)
   defining Unicode char U+038A (decimal 906)
   defining Unicode char U+038C (decimal 908)
   defining Unicode char U+038E (decimal 910)
   defining Unicode char U+038F (decimal 911)
   defining Unicode char U+0390 (decimal 912)
   defining Unicode char U+0391 (decimal 913)
   defining Unicode char U+0392 (decimal 914)
   defining Unicode char U+0393 (decimal 915)
   defining Unicode char U+0394 (decimal 916)
   defining Unicode char U+0395 (decimal 917)
   defining Unicode char U+0396 (decimal 918)
   defining Unicode char U+0397 (decimal 919)
   defining Unicode char U+0398 (decimal 920)
   defining Unicode char U+0399 (decimal 921)
   defining Unicode char U+039A (decimal 922)
   defining Unicode char U+039B (decimal 923)
   defining Unicode char U+039C (decimal 924)
   defining Unicode char U+039D (decimal 925)
   defining Unicode char U+039E (decimal 926)
   defining Unicode char U+039F (decimal 927)
   defining Unicode char U+03A0 (decimal 928)
   defining Unicode char U+03A1 (decimal 929)
   defining Unicode char U+03A3 (decimal 931)
   defining Unicode char U+03A4 (decimal 932)
   defining Unicode char U+03A5 (decimal 933)
   defining Unicode char U+03A6 (decimal 934)
   defining Unicode char U+03A7 (decimal 935)
   defining Unicode char U+03A8 (decimal 936)
   defining Unicode char U+03A9 (decimal 937)
   defining Unicode char U+03AA (decimal 938)
   defining Unicode char U+03AB (decimal 939)
   defining Unicode char U+03AC (decimal 940)
   defining Unicode char U+03AD (decimal 941)
   defining Unicode char U+03AE (decimal 942)
   defining Unicode char U+03AF (decimal 943)
   defining Unicode char U+03B0 (decimal 944)
   defining Unicode char U+03B1 (decimal 945)
   defining Unicode char U+03B2 (decimal 946)
   defining Unicode char U+03B3 (decimal 947)
   defining Unicode char U+03B4 (decimal 948)
   defining Unicode char U+03B5 (decimal 949)
   defining Unicode char U+03B6 (decimal 950)
   defining Unicode char U+03B7 (decimal 951)
   defining Unicode char U+03B8 (decimal 952)
   defining Unicode char U+03B9 (decimal 953)
   defining Unicode char U+03BA (decimal 954)
   defining Unicode char U+03BB (decimal 955)
   defining Unicode char U+03BC (decimal 956)
   defining Unicode char U+03BD (decimal 957)
   defining Unicode char U+03BE (decimal 958)
   defining Unicode char U+03BF (decimal 959)
   defining Unicode char U+03C0 (decimal 960)
   defining Unicode char U+03C1 (decimal 961)
   defining Unicode char U+03C2 (decimal 962)
   defining Unicode char U+03C3 (decimal 963)
   defining Unicode char U+03C4 (decimal 964)
   defining Unicode char U+03C5 (decimal 965)
   defining Unicode char U+03C6 (decimal 966)
   defining Unicode char U+03C7 (decimal 967)
   defining Unicode char U+03C8 (decimal 968)
   defining Unicode char U+03C9 (decimal 969)
   defining Unicode char U+03CA (decimal 970)
   defining Unicode char U+03CB (decimal 971)
   defining Unicode char U+03CC (decimal 972)
   defining Unicode char U+03CD (decimal 973)
   defining Unicode char U+03CE (decimal 974)
   defining Unicode char U+03D0 (decimal 976)
   defining Unicode char U+03D1 (decimal 977)
   defining Unicode char U+03D5 (decimal 981)
   defining Unicode char U+03D6 (decimal 982)
   defining Unicode char U+03D8 (decimal 984)
   defining Unicode char U+03D9 (decimal 985)
   defining Unicode char U+03DA (decimal 986)
   defining Unicode char U+03DB (decimal 987)
   defining Unicode char U+03DC (decimal 988)
   defining Unicode char U+03DD (decimal 989)
   defining Unicode char U+03DF (decimal 991)
   defining Unicode char U+03E0 (decimal 992)
   defining Unicode char U+03E1 (decimal 993)
   defining Unicode char U+03F0 (decimal 1008)
   defining Unicode char U+03F1 (decimal 1009)
   defining Unicode char U+03F4 (decimal 1012)
   defining Unicode char U+03F5 (decimal 1013)
   defining Unicode char U+1F00 (decimal 7936)
   defining Unicode char U+1F01 (decimal 7937)
   defining Unicode char U+1F02 (decimal 7938)
   defining Unicode char U+1F03 (decimal 7939)
   defining Unicode char U+1F04 (decimal 7940)
   defining Unicode char U+1F05 (decimal 7941)
   defining Unicode char U+1F06 (decimal 7942)
   defining Unicode char U+1F07 (decimal 7943)
   defining Unicode char U+1F08 (decimal 7944)
   defining Unicode char U+1F09 (decimal 7945)
   defining Unicode char U+1F0A (decimal 7946)
   defining Unicode char U+1F0B (decimal 7947)
   defining Unicode char U+1F0C (decimal 7948)
   defining Unicode char U+1F0D (decimal 7949)
   defining Unicode char U+1F0E (decimal 7950)
   defining Unicode char U+1F0F (decimal 7951)
   defining Unicode char U+1F10 (decimal 7952)
   defining Unicode char U+1F11 (decimal 7953)
   defining Unicode char U+1F12 (decimal 7954)
   defining Unicode char U+1F13 (decimal 7955)
   defining Unicode char U+1F14 (decimal 7956)
   defining Unicode char U+1F15 (decimal 7957)
   defining Unicode char U+1F18 (decimal 7960)
   defining Unicode char U+1F19 (decimal 7961)
   defining Unicode char U+1F1A (decimal 7962)
   defining Unicode char U+1F1B (decimal 7963)
   defining Unicode char U+1F1C (decimal 7964)
   defining Unicode char U+1F1D (decimal 7965)
   defining Unicode char U+1F20 (decimal 7968)
   defining Unicode char U+1F21 (decimal 7969)
   defining Unicode char U+1F22 (decimal 7970)
   defining Unicode char U+1F23 (decimal 7971)
   defining Unicode char U+1F24 (decimal 7972)
   defining Unicode char U+1F25 (decimal 7973)
   defining Unicode char U+1F26 (decimal 7974)
   defining Unicode char U+1F27 (decimal 7975)
   defining Unicode char U+1F28 (decimal 7976)
   defining Unicode char U+1F29 (decimal 7977)
   defining Unicode char U+1F2A (decimal 7978)
   defining Unicode char U+1F2B (decimal 7979)
   defining Unicode char U+1F2C (decimal 7980)
   defining Unicode char U+1F2D (decimal 7981)
   defining Unicode char U+1F2E (decimal 7982)
   defining Unicode char U+1F2F (decimal 7983)
   defining Unicode char U+1F30 (decimal 7984)
   defining Unicode char U+1F31 (decimal 7985)
   defining Unicode char U+1F32 (decimal 7986)
   defining Unicode char U+1F33 (decimal 7987)
   defining Unicode char U+1F34 (decimal 7988)
   defining Unicode char U+1F35 (decimal 7989)
   defining Unicode char U+1F36 (decimal 7990)
   defining Unicode char U+1F37 (decimal 7991)
   defining Unicode char U+1F38 (decimal 7992)
   defining Unicode char U+1F39 (decimal 7993)
   defining Unicode char U+1F3A (decimal 7994)
   defining Unicode char U+1F3B (decimal 7995)
   defining Unicode char U+1F3C (decimal 7996)
   defining Unicode char U+1F3D (decimal 7997)
   defining Unicode char U+1F3E (decimal 7998)
   defining Unicode char U+1F3F (decimal 7999)
   defining Unicode char U+1F40 (decimal 8000)
   defining Unicode char U+1F41 (decimal 8001)
   defining Unicode char U+1F42 (decimal 8002)
   defining Unicode char U+1F43 (decimal 8003)
   defining Unicode char U+1F44 (decimal 8004)
   defining Unicode char U+1F45 (decimal 8005)
   defining Unicode char U+1F48 (decimal 8008)
   defining Unicode char U+1F49 (decimal 8009)
   defining Unicode char U+1F4A (decimal 8010)
   defining Unicode char U+1F4B (decimal 8011)
   defining Unicode char U+1F4C (decimal 8012)
   defining Unicode char U+1F4D (decimal 8013)
   defining Unicode char U+1F50 (decimal 8016)
   defining Unicode char U+1F51 (decimal 8017)
   defining Unicode char U+1F52 (decimal 8018)
   defining Unicode char U+1F53 (decimal 8019)
   defining Unicode char U+1F54 (decimal 8020)
   defining Unicode char U+1F55 (decimal 8021)
   defining Unicode char U+1F56 (decimal 8022)
   defining Unicode char U+1F57 (decimal 8023)
   defining Unicode char U+1F59 (decimal 8025)
   defining Unicode char U+1F5B (decimal 8027)
   defining Unicode char U+1F5D (decimal 8029)
   defining Unicode char U+1F5F (decimal 8031)
   defining Unicode char U+1F60 (decimal 8032)
   defining Unicode char U+1F61 (decimal 8033)
   defining Unicode char U+1F62 (decimal 8034)
   defining Unicode char U+1F63 (decimal 8035)
   defining Unicode char U+1F64 (decimal 8036)
   defining Unicode char U+1F65 (decimal 8037)
   defining Unicode char U+1F66 (decimal 8038)
   defining Unicode char U+1F67 (decimal 8039)
   defining Unicode char U+1F68 (decimal 8040)
   defining Unicode char U+1F69 (decimal 8041)
   defining Unicode char U+1F6A (decimal 8042)
   defining Unicode char U+1F6B (decimal 8043)
   defining Unicode char U+1F6C (decimal 8044)
   defining Unicode char U+1F6D (decimal 8045)
   defining Unicode char U+1F6E (decimal 8046)
   defining Unicode char U+1F6F (decimal 8047)
   defining Unicode char U+1F70 (decimal 8048)
   defining Unicode char U+1F71 (decimal 8049)
   defining Unicode char U+1F72 (decimal 8050)
   defining Unicode char U+1F73 (decimal 8051)
   defining Unicode char U+1F74 (decimal 8052)
   defining Unicode char U+1F75 (decimal 8053)
   defining Unicode char U+1F76 (decimal 8054)
   defining Unicode char U+1F77 (decimal 8055)
   defining Unicode char U+1F78 (decimal 8056)
   defining Unicode char U+1F79 (decimal 8057)
   defining Unicode char U+1F7A (decimal 8058)
   defining Unicode char U+1F7B (decimal 8059)
   defining Unicode char U+1F7C (decimal 8060)
   defining Unicode char U+1F7D (decimal 8061)
   defining Unicode char U+1F80 (decimal 8064)
   defining Unicode char U+1F81 (decimal 8065)
   defining Unicode char U+1F82 (decimal 8066)
   defining Unicode char U+1F83 (decimal 8067)
   defining Unicode char U+1F84 (decimal 8068)
   defining Unicode char U+1F85 (decimal 8069)
   defining Unicode char U+1F86 (decimal 8070)
   defining Unicode char U+1F87 (decimal 8071)
   defining Unicode char U+1F88 (decimal 8072)
   defining Unicode char U+1F89 (decimal 8073)
   defining Unicode char U+1F8A (decimal 8074)
   defining Unicode char U+1F8B (decimal 8075)
   defining Unicode char U+1F8C (decimal 8076)
   defining Unicode char U+1F8D (decimal 8077)
   defining Unicode char U+1F8E (decimal 8078)
   defining Unicode char U+1F8F (decimal 8079)
   defining Unicode char U+1F90 (decimal 8080)
   defining Unicode char U+1F91 (decimal 8081)
   defining Unicode char U+1F92 (decimal 8082)
   defining Unicode char U+1F93 (decimal 8083)
   defining Unicode char U+1F94 (decimal 8084)
   defining Unicode char U+1F95 (decimal 8085)
   defining Unicode char U+1F96 (decimal 8086)
   defining Unicode char U+1F97 (decimal 8087)
   defining Unicode char U+1F98 (decimal 8088)
   defining Unicode char U+1F99 (decimal 8089)
   defining Unicode char U+1F9A (decimal 8090)
   defining Unicode char U+1F9B (decimal 8091)
   defining Unicode char U+1F9C (decimal 8092)
   defining Unicode char U+1F9D (decimal 8093)
   defining Unicode char U+1F9E (decimal 8094)
   defining Unicode char U+1F9F (decimal 8095)
   defining Unicode char U+1FA0 (decimal 8096)
   defining Unicode char U+1FA1 (decimal 8097)
   defining Unicode char U+1FA2 (decimal 8098)
   defining Unicode char U+1FA3 (decimal 8099)
   defining Unicode char U+1FA4 (decimal 8100)
   defining Unicode char U+1FA5 (decimal 8101)
   defining Unicode char U+1FA6 (decimal 8102)
   defining Unicode char U+1FA7 (decimal 8103)
   defining Unicode char U+1FA8 (decimal 8104)
   defining Unicode char U+1FA9 (decimal 8105)
   defining Unicode char U+1FAA (decimal 8106)
   defining Unicode char U+1FAB (decimal 8107)
   defining Unicode char U+1FAC (decimal 8108)
   defining Unicode char U+1FAD (decimal 8109)
   defining Unicode char U+1FAE (decimal 8110)
   defining Unicode char U+1FAF (decimal 8111)
   defining Unicode char U+1FB0 (decimal 8112)
   defining Unicode char U+1FB1 (decimal 8113)
   defining Unicode char U+1FB2 (decimal 8114)
   defining Unicode char U+1FB3 (decimal 8115)
   defining Unicode char U+1FB4 (decimal 8116)
   defining Unicode char U+1FB6 (decimal 8118)
   defining Unicode char U+1FB7 (decimal 8119)
   defining Unicode char U+1FB8 (decimal 8120)
   defining Unicode char U+1FB9 (decimal 8121)
   defining Unicode char U+1FBA (decimal 8122)
   defining Unicode char U+1FBB (decimal 8123)
   defining Unicode char U+1FBC (decimal 8124)
   defining Unicode char U+1FBD (decimal 8125)
   defining Unicode char U+1FBE (decimal 8126)
   defining Unicode char U+1FBF (decimal 8127)
   defining Unicode char U+1FC0 (decimal 8128)
   defining Unicode char U+1FC1 (decimal 8129)
   defining Unicode char U+1FC2 (decimal 8130)
   defining Unicode char U+1FC3 (decimal 8131)
   defining Unicode char U+1FC4 (decimal 8132)
   defining Unicode char U+1FC6 (decimal 8134)
   defining Unicode char U+1FC7 (decimal 8135)
   defining Unicode char U+1FC8 (decimal 8136)
   defining Unicode char U+1FC9 (decimal 8137)
   defining Unicode char U+1FCA (decimal 8138)
   defining Unicode char U+1FCB (decimal 8139)
   defining Unicode char U+1FCC (decimal 8140)
   defining Unicode char U+1FCD (decimal 8141)
   defining Unicode char U+1FCE (decimal 8142)
   defining Unicode char U+1FCF (decimal 8143)
   defining Unicode char U+1FD0 (decimal 8144)
   defining Unicode char U+1FD1 (decimal 8145)
   defining Unicode char U+1FD2 (decimal 8146)
   defining Unicode char U+1FD3 (decimal 8147)
   defining Unicode char U+1FD6 (decimal 8150)
   defining Unicode char U+1FD7 (decimal 8151)
   defining Unicode char U+1FD8 (decimal 8152)
   defining Unicode char U+1FD9 (decimal 8153)
   defining Unicode char U+1FDA (decimal 8154)
   defining Unicode char U+1FDB (decimal 8155)
   defining Unicode char U+1FDD (decimal 8157)
   defining Unicode char U+1FDE (decimal 8158)
   defining Unicode char U+1FDF (decimal 8159)
   defining Unicode char U+1FE0 (decimal 8160)
   defining Unicode char U+1FE1 (decimal 8161)
   defining Unicode char U+1FE2 (decimal 8162)
   defining Unicode char U+1FE3 (decimal 8163)
   defining Unicode char U+1FE4 (decimal 8164)
   defining Unicode char U+1FE5 (decimal 8165)
   defining Unicode char U+1FE6 (decimal 8166)
   defining Unicode char U+1FE7 (decimal 8167)
   defining Unicode char U+1FE8 (decimal 8168)
   defining Unicode char U+1FE9 (decimal 8169)
   defining Unicode char U+1FEA (decimal 8170)
   defining Unicode char U+1FEB (decimal 8171)
   defining Unicode char U+1FEC (decimal 8172)
   defining Unicode char U+1FED (decimal 8173)
   defining Unicode char U+1FEE (decimal 8174)
   defining Unicode char U+1FEF (decimal 8175)
   defining Unicode char U+1FF2 (decimal 8178)
   defining Unicode char U+1FF3 (decimal 8179)
   defining Unicode char U+1FF4 (decimal 8180)
   defining Unicode char U+1FF6 (decimal 8182)
   defining Unicode char U+1FF7 (decimal 8183)
   defining Unicode char U+1FF8 (decimal 8184)
   defining Unicode char U+1FF9 (decimal 8185)
   defining Unicode char U+1FFA (decimal 8186)
   defining Unicode char U+1FFB (decimal 8187)
   defining Unicode char U+1FFC (decimal 8188)
   defining Unicode char U+1FFD (decimal 8189)
   defining Unicode char U+1FFE (decimal 8190)
   defining Unicode char U+2013 (decimal 8211)
   defining Unicode char U+2014 (decimal 8212)
   defining Unicode char U+2018 (decimal 8216)
   defining Unicode char U+2019 (decimal 8217)
   defining Unicode char U+2030 (decimal 8240)
   defining Unicode char U+20AC (decimal 8364)
   defining Unicode char U+2126 (decimal 8486)
   defining Unicode char U+10144 (decimal 65860)
   defining Unicode char U+10145 (decimal 65861)
   defining Unicode char U+10146 (decimal 65862)
   defining Unicode char U+10147 (decimal 65863)
) (/usr/local/texlive/2018/texmf-dist/tex/latex/greek-fontenc/greek-fontenc.def
File: greek-fontenc.def 2015/08/04 v0.13 Common Greek font encoding definitions
))
Package textgreek Info: Loaded fontmap: {eur/*/*}{U/eur/*/*} {phv/*/*}{U/psy/*/*}. on input line 69.
) (/usr/local/texlive/2018/texmf-dist/tex/latex/tools/tabularx.sty
Package: tabularx 2016/02/03 v2.11b `tabularx' package (DPC)
\TX@col@width=\dimen124
\TX@old@table=\dimen125
\TX@old@col=\dimen126
\TX@target=\dimen127
\TX@delta=\dimen128
\TX@cols=\count108
\TX@ftn=\toks21
) (/usr/local/texlive/2018/texmf-dist/tex/latex/floatrow/floatrow.sty
Package: floatrow 2008/08/02 v0.3b floatrow: float package extension
 (/usr/local/texlive/2018/texmf-dist/tex/latex/caption/caption3.sty
Package: caption3 2016/05/22 v1.7-166 caption3 kernel (AR)
Package caption3 Info: TeX engine: e-TeX on input line 67.
\captionmargin=\dimen129
\captionmargin@=\dimen130
\captionwidth=\dimen131
\caption@tempdima=\dimen132
\caption@indent=\dimen133
\caption@parindent=\dimen134
\caption@hangindent=\dimen135
)
\c@float@type=\count109
\float@exts=\toks22
\float@box=\box30
\@floatcapt=\box31
Package floatrow Info: Modified float package code loaded on input line 455.
Package floatrow Info: Modified rotfloat package code loaded on input line 473.
\FR@everyfloat=\toks23
\flrow@foot=\insert199
\FB@wd=\dimen136
\FBo@wd=\dimen137
\FBc@wd=\dimen138
\FBo@ht=\skip52
\FBc@ht=\skip53
\FBf@ht=\skip54
\FBo@max=\skip55
\FBc@max=\skip56
\FBf@max=\skip57
\c@FBl@b=\count110
\floatbox@depth=\count111
\c@FRobj=\count112
\c@FRsobj=\count113
\Xhsize=\skip58
\sXhsize=\skip59
\Zhsize=\skip60
\sZhsize=\skip61
\flrow@rowbox=\box32
\FR@Zunitlength=\dimen139
\c@FBcnt=\count114
\FPOScnt=\count115
\LTleft=\skip62
\LTright=\skip63
\LTleft=\skip64
\LTright=\skip65
\flrow@types=\toks24
)) (/usr/local/texlive/2018/texmf-dist/tex/latex/cite/cite.sty
LaTeX Info: Redefining \cite on input line 302.
LaTeX Info: Redefining \nocite on input line 332.
Package: cite 2015/02/27  v 5.5
) (/Users/myounes/Documents/Code/thesis/thesisA/thesis.aux (/Users/myounes/Documents/Code/thesis/thesisA/cover.aux) (/Users/myounes/Documents/Code/thesis/thesisA/acknowledgements.aux) (/Users/myounes/Documents/Code/thesis/thesisA/abbreviations.aux) (/Users/myounes/Documents/Code/thesis/thesisA/introduction.aux) (/Users/myounes/Documents/Code/thesis/thesisA/background.aux) (/Users/myounes/Documents/Code/thesis/thesisA/mywork.aux) (/Users/myounes/Documents/Code/thesis/thesisA/evaluation.aux) (/Users/myounes/Documents/Code/thesis/thesisA/conclusion.aux) (/Users/myounes/Documents/Code/thesis/thesisA/appendix.aux))
\openout1 = `thesis.aux'.

LaTeX Font Info:    Checking defaults for OML/cmm/m/it on input line 8.
LaTeX Font Info:    ... okay on input line 8.
LaTeX Font Info:    Checking defaults for T1/cmr/m/n on input line 8.
LaTeX Font Info:    ... okay on input line 8.
LaTeX Font Info:    Checking defaults for OT1/cmr/m/n on input line 8.
LaTeX Font Info:    ... okay on input line 8.
LaTeX Font Info:    Checking defaults for OMS/pzccm/m/n on input line 8.
LaTeX Font Info:    Try loading font information for OMS+pzccm on input line 8.
 (/usr/local/texlive/2018/texmf-dist/tex/latex/psnfss/omspzccm.fd
File: omspzccm.fd 2000/01/03 Fontinst v1.801 font definitions for OMS/pzccm.
)
LaTeX Font Info:    ... okay on input line 8.
LaTeX Font Info:    Checking defaults for OMX/cmex/m/n on input line 8.
LaTeX Font Info:    ... okay on input line 8.
LaTeX Font Info:    Checking defaults for U/cmr/m/n on input line 8.
LaTeX Font Info:    ... okay on input line 8.
LaTeX Font Info:    Checking defaults for PD1/pdf/m/n on input line 8.
LaTeX Font Info:    ... okay on input line 8.
LaTeX Font Info:    Checking defaults for LGR/cmr/m/n on input line 8.
LaTeX Font Info:    Try loading font information for LGR+cmr on input line 8.
 (/usr/local/texlive/2018/texmf-dist/tex/latex/cbfonts-fd/lgrcmr.fd
File: lgrcmr.fd 2017/07/29 v1.2 Greek European Computer Regular
)
LaTeX Font Info:    ... okay on input line 8.
 (/usr/local/texlive/2018/texmf-dist/tex/context/base/mkii/supp-pdf.mkii
[Loading MPS to PDF converter (version 2006.09.02).]
\scratchcounter=\count116
\scratchdimen=\dimen140
\scratchbox=\box33
\nofMPsegments=\count117
\nofMParguments=\count118
\everyMPshowfont=\toks25
\MPscratchCnt=\count119
\MPscratchDim=\dimen141
\MPnumerator=\count120
\makeMPintoPDFobject=\count121
\everyMPtoPDFconversion=\toks26
) (/usr/local/texlive/2018/texmf-dist/tex/latex/oberdiek/epstopdf-base.sty
Package: epstopdf-base 2016/05/15 v2.6 Base part for package epstopdf
 (/usr/local/texlive/2018/texmf-dist/tex/latex/oberdiek/grfext.sty
Package: grfext 2016/05/16 v1.2 Manage graphics extensions (HO)
)
Package epstopdf-base Info: Redefining graphics rule for `.eps' on input line 438.
Package grfext Info: Graphics extension search list:
(grfext)             [.pdf,.png,.jpg,.mps,.jpeg,.jbig2,.jb2,.PDF,.PNG,.JPG,.JPEG,.JBIG2,.JB2,.eps]
(grfext)             \AppendGraphicsExtensions on input line 456.
 (/usr/local/texlive/2018/texmf-dist/tex/latex/latexconfig/epstopdf-sys.cfg
File: epstopdf-sys.cfg 2010/07/13 v1.3 Configuration of (r)epstopdf for TeX Live
))
*geometry* driver: auto-detecting
*geometry* detected driver: pdftex
*geometry* verbose mode - [ preamble ] result:
* driver: pdftex
* paper: a4paper
* layout: <same size as paper>
* layoutoffset:(h,v)=(0.0pt,0.0pt)
* modes: 
* h-part:(L,W,R)=(72.2698pt, 452.96826pt, 72.2698pt)
* v-part:(T,H,B)=(72.2698pt, 700.50723pt, 72.2698pt)
* \paperwidth=597.50787pt
* \paperheight=845.04684pt
* \textwidth=452.96826pt
* \textheight=700.50723pt
* \oddsidemargin=-0.00018pt
* \evensidemargin=-0.00018pt
* \topmargin=-37.00018pt
* \headheight=12.0pt
* \headsep=25.0pt
* \topskip=12.0pt
* \footskip=30.0pt
* \marginparwidth=35.0pt
* \marginparsep=10.0pt
* \columnsep=10.0pt
* \skip\footins=10.8pt plus 4.0pt minus 2.0pt
* \hoffset=0.0pt
* \voffset=0.0pt
* \mag=1000
* \@twocolumnfalse
* \@twosidefalse
* \@mparswitchfalse
* \@reversemarginfalse
* (1in=72.27pt=25.4mm, 1cm=28.453pt)

\AtBeginShipoutBox=\box34
Package hyperref Info: Link coloring ON on input line 8.
(/usr/local/texlive/2018/texmf-dist/tex/latex/hyperref/nameref.sty
Package: nameref 2016/05/21 v2.44 Cross-referencing by name of section
 (/usr/local/texlive/2018/texmf-dist/tex/generic/oberdiek/gettitlestring.sty
Package: gettitlestring 2016/05/16 v1.5 Cleanup title references (HO)
)
\c@section@level=\count122
)
LaTeX Info: Redefining \ref on input line 8.
LaTeX Info: Redefining \pageref on input line 8.
LaTeX Info: Redefining \nameref on input line 8.
 (/Users/myounes/Documents/Code/thesis/thesisA/thesis.out) (/Users/myounes/Documents/Code/thesis/thesisA/thesis.out)
\@outlinefile=\write3
\openout3 = `thesis.out'.

 (/usr/local/texlive/2018/texmf-dist/tex/latex/oberdiek/pdflscape.sty
Package: pdflscape 2016/05/14 v0.11 Display of landscape pages in PDF (HO)
 (/usr/local/texlive/2018/texmf-dist/tex/latex/graphics/lscape.sty
Package: lscape 2000/10/22 v3.01 Landscape Pages (DPC)
)
Package pdflscape Info: Auto-detected driver: pdftex on input line 81.
)
Package caption Info: Begin \AtBeginDocument code.
Package caption Info: End \AtBeginDocument code.
\openout2 = `cover.aux'.

 (/Users/myounes/Documents/Code/thesis/thesisA/cover.tex
<PortraitColourPos-eps-converted-to.pdf, id=144, 147.55125pt x 154.5775pt>
File: PortraitColourPos-eps-converted-to.pdf Graphic file (type pdf)
<use PortraitColourPos-eps-converted-to.pdf>
Package pdftex.def Info: PortraitColourPos-eps-converted-to.pdf  used on input line 3.
(pdftex.def)             Requested size: 147.55087pt x 154.5771pt.
LaTeX Font Info:    Font shape `OT1/ptm/bx/n' in size <12> not available
(Font)              Font shape `OT1/ptm/b/n' tried instead on input line 5.
LaTeX Font Info:    Font shape `OT1/ptm/bx/n' in size <14.4> not available
(Font)              Font shape `OT1/ptm/b/n' tried instead on input line 5.
LaTeX Font Info:    Font shape `OT1/ptm/bx/n' in size <24.88> not available
(Font)              Font shape `OT1/ptm/b/n' tried instead on input line 8.
 [1




{/usr/local/texlive/2018/texmf-var/fonts/map/pdftex/updmap/pdftex.map} </Users/myounes/Documents/Code/thesis/thesisA/PortraitColourPos-eps-converted-to.pdf>]pdfTeX warning (ext4): destination with the same identifier (name{page.1}) has been already used, duplicate ignored
<to be read again> 
                   \relax 
l.39 \end{abstract}
                    [1])
\openout2 = `acknowledgements.aux'.

 (/Users/myounes/Documents/Code/thesis/thesisA/acknowledgements.tex)pdfTeX warning (ext4): destination with the same identifier (name{page.1}) has been already used, duplicate ignored
<to be read again> 
                   \relax 
l.11 \include{acknowledgements}
                                [1



]
\openout2 = `abbreviations.aux'.

 (/Users/myounes/Documents/Code/thesis/thesisA/abbreviations.tex
LaTeX Font Info:    Try loading font information for OT1+ptmcm on input line 6.
 (/usr/local/texlive/2018/texmf-dist/tex/latex/psnfss/ot1ptmcm.fd
File: ot1ptmcm.fd 2000/01/03 Fontinst v1.801 font definitions for OT1/ptmcm.
)
LaTeX Font Info:    Try loading font information for OML+ptmcm on input line 6.
 (/usr/local/texlive/2018/texmf-dist/tex/latex/psnfss/omlptmcm.fd
File: omlptmcm.fd 2000/01/03 Fontinst v1.801 font definitions for OML/ptmcm.
)
LaTeX Font Info:    Try loading font information for OMX+psycm on input line 6.
 (/usr/local/texlive/2018/texmf-dist/tex/latex/psnfss/omxpsycm.fd
File: omxpsycm.fd 2000/01/03 Fontinst v1.801 font definitions for OMX/psycm.
)
LaTeX Font Info:    Font shape `OT1/ptm/bx/n' in size <9> not available
(Font)              Font shape `OT1/ptm/b/n' tried instead on input line 6.
LaTeX Font Info:    Font shape `OT1/ptm/bx/n' in size <7> not available
(Font)              Font shape `OT1/ptm/b/n' tried instead on input line 6.
LaTeX Font Info:    Try loading font information for U+lasy on input line 6.
 (/usr/local/texlive/2018/texmf-dist/tex/latex/base/ulasy.fd
File: ulasy.fd 1998/08/17 v2.2e LaTeX symbol font definitions
)) [2



] (/Users/myounes/Documents/Code/thesis/thesisA/thesis.toc [3


])
\tf@toc=\write4
\openout4 = `thesis.toc'.

 [4]
\openout2 = `introduction.aux'.

 (/Users/myounes/Documents/Code/thesis/thesisA/introduction.tex
Chapter 1.
LaTeX Font Info:    Font shape `OT1/ptm/bx/n' in size <17.28> not available
(Font)              Font shape `OT1/ptm/b/n' tried instead on input line 2.

Overfull \hbox (3.29134pt too wide) in paragraph at lines 3--17
\OT1/ptm/m/n/12 dif-fer-ent di-alects in-ter-act. There are around 200 thou-sand Ara-bic speak-ers within NSW, ma-jor-ity
 []


Underfull \hbox (badness 10000) in paragraph at lines 22--26

 []

LaTeX Font Info:    Font shape `OMS/ptm/m/n' in size <12> not available
(Font)              Font shape `OMS/pzccm/m/n' tried instead on input line 28.
[5


]
Overfull \hbox (10.91171pt too wide) in paragraph at lines 35--43
\OT1/ptm/m/n/12 This re-port is or-gan-ised as de-scribed. Chap-ter [][]2[][] de-tails some back-ground in-for-ma-tion sur-round-ing
 []


Overfull \hbox (3.11139pt too wide) in paragraph at lines 35--43
\OT1/ptm/m/n/12 con-ducted dur-ing this the-sis and out-lines the pos-si-ble chal-lenges Chap-ter [][]7[][] draws up con-clu-sions
 []

) [6]
\openout2 = `background.aux'.

 (/Users/myounes/Documents/Code/thesis/thesisA/background.tex
Chapter 2.

Underfull \hbox (badness 10000) in paragraph at lines 16--19

 []

[7



]
Underfull \hbox (badness 10000) in paragraph at lines 38--41

 []


Underfull \hbox (badness 10000) in paragraph at lines 53--56

 []

LaTeX Font Info:    Try loading font information for LGR+ptm on input line 66.
LaTeX Font Info:    No file LGRptm.fd. on input line 66.

LaTeX Font Warning: Font shape `LGR/ptm/m/n' undefined
(Font)              using `LGR/cmr/m/n' instead on input line 66.

) [8]
\openout2 = `mywork.aux'.

 (/Users/myounes/Documents/Code/thesis/thesisA/mywork.tex
Chapter 3.

Overfull \hbox (9.63707pt too wide) in paragraph at lines 3--14
\OT1/ptm/m/n/12 Dialect iden-ti-fi-ca-tion (DID) is a spe-cialised task of Lan-guage Iden-ti-fi-ca-tion (LID) which iden-ti-fies
 []


Underfull \hbox (badness 10000) in paragraph at lines 20--20
[]|\OT1/ptm/b/n/12 Pretrained
 []


Underfull \hbox (badness 10000) in paragraph at lines 20--20
[]|\OT1/ptm/b/n/12 Downstream
 []


Underfull \hbox (badness 10000) in paragraph at lines 20--21
[]|\OT1/ptm/b/n/12 Year,
 []


Underfull \hbox (badness 10000) in paragraph at lines 22--22
[]|\OT1/ptm/m/n/12 80
 []


Underfull \hbox (badness 10000) in paragraph at lines 22--22
\OT1/ptm/m/n/12 di-men-sional
 []


Overfull \hbox (2.64993pt too wide) in paragraph at lines 23--23
[]|\OT1/ptm/m/n/12 Transformer
 []


Underfull \hbox (badness 10000) in paragraph at lines 23--23
\OT1/ptm/m/n/12 Based
 []


Underfull \hbox (badness 10000) in paragraph at lines 23--23
\OT1/ptm/m/n/12 Net-work
 []


Underfull \hbox (badness 1648) in paragraph at lines 23--23
\OT1/ptm/m/n/12 (trained on
 []


Underfull \hbox (badness 10000) in paragraph at lines 23--24
[]|\OT1/ptm/m/n/12 (2020),
 []


Underfull \hbox (badness 10000) in paragraph at lines 25--25
[]|\OT1/ptm/m/n/12 i-vector +
 []


Underfull \hbox (badness 10000) in paragraph at lines 26--26
[]|\OT1/ptm/m/n/12 E2E
 []


Underfull \hbox (badness 10000) in paragraph at lines 26--26
\OT1/ptm/m/n/12 CNN+RNN+FC,
 []


Underfull \hbox (badness 10000) in paragraph at lines 26--26
\OT1/ptm/m/n/12 DNN+SNN
 []


Underfull \hbox (badness 10000) in paragraph at lines 26--26
\OT1/ptm/m/n/12 (fea-ture
 []


Underfull \hbox (badness 10000) in paragraph at lines 26--27
[]|\OT1/ptm/m/n/12 (2018),
 []


Underfull \hbox (badness 10000) in paragraph at lines 28--28
[]|\OT1/ptm/m/n/12 LID (En-glish,
 []


Underfull \hbox (badness 1117) in paragraph at lines 28--28
\OT1/ptm/m/n/12 Span-ish, French,
 []


Underfull \hbox (badness 10000) in paragraph at lines 29--30
[]|\OT1/ptm/m/n/12 (2019),
 []


Underfull \hbox (badness 10000) in paragraph at lines 31--31
[]|\OT1/ptm/m/n/12 LID (Ara-bic,
 []


Underfull \hbox (badness 10000) in paragraph at lines 31--31
\OT1/ptm/m/n/12 En-glish, Malay,
 []


Underfull \hbox (badness 1117) in paragraph at lines 31--31
\OT1/ptm/m/n/12 French, Span-ish,
 []


Underfull \hbox (badness 10000) in paragraph at lines 32--32
[]|\OT1/ptm/m/n/12 Acoustic
 []


Underfull \hbox (badness 10000) in paragraph at lines 32--32
\OT1/ptm/m/n/12 fea-tures
 []


Underfull \hbox (badness 10000) in paragraph at lines 32--32
\OT1/ptm/m/n/12 (MFCC +
 []


Underfull \hbox (badness 10000) in paragraph at lines 32--32
\OT1/ptm/m/n/12 GMM +
 []


Underfull \hbox (badness 10000) in paragraph at lines 32--33
[]|\OT1/ptm/m/n/12 ESA-ELM
 []


Underfull \hbox (badness 10000) in paragraph at lines 32--33
\OT1/ptm/m/n/12 (En-hanced
 []


Underfull \hbox (badness 10000) in paragraph at lines 32--33
\OT1/ptm/m/n/12 Self- Ad-just-ing
 []


Underfull \hbox (badness 10000) in paragraph at lines 32--33
\OT1/ptm/m/n/12 Ex-treme
 []


Underfull \hbox (badness 10000) in paragraph at lines 32--33
\OT1/ptm/m/n/12 Learn-ing
 []


Underfull \hbox (badness 10000) in paragraph at lines 33--34
[]|\OT1/ptm/m/n/12 (2018),
 []


Underfull \hbox (badness 10000) in paragraph at lines 35--35
[]|\OT1/ptm/m/n/12 wav2vec
 []


Underfull \hbox (badness 3635) in paragraph at lines 35--35
[]|\OT1/ptm/m/n/12 pooling layer +
 []


Underfull \hbox (badness 10000) in paragraph at lines 35--36
[]|\OT1/ptm/m/n/12 (2021),
 []


Overfull \hbox (25.86069pt too wide) in paragraph at lines 18--38
 [] 
 []

[9



]
Overfull \hbox (1.10767pt too wide) in paragraph at lines 46--54
\OT1/ptm/m/n/12 and had par-tic-u-larly low ac-cu-ra-cies for the Gulf di-alect. The key chal-lenges with us-ing phoneme
 []

<./images/phonemModeling.png, id=334, 1990.43625pt x 1257.69875pt>
File: ./images/phonemModeling.png Graphic file (type png)
<use ./images/phonemModeling.png>
Package pdftex.def Info: ./images/phonemModeling.png  used on input line 64.
(pdftex.def)             Requested size: 270.15514pt x 170.71652pt.
File: ./images/phonemModeling.png Graphic file (type png)
<use ./images/phonemModeling.png>
Package pdftex.def Info: ./images/phonemModeling.png  used on input line 64.
(pdftex.def)             Requested size: 270.15514pt x 170.71652pt.
File: ./images/phonemModeling.png Graphic file (type png)
<use ./images/phonemModeling.png>
Package pdftex.def Info: ./images/phonemModeling.png  used on input line 64.
(pdftex.def)             Requested size: 270.15514pt x 170.71652pt.
<./images/accuraciesPhonemModeling.png, id=336, 1615.03375pt x 1163.34625pt>
File: ./images/accuraciesPhonemModeling.png Graphic file (type png)
<use ./images/accuraciesPhonemModeling.png>
Package pdftex.def Info: ./images/accuraciesPhonemModeling.png  used on input line 64.
(pdftex.def)             Requested size: 236.99556pt x 170.71652pt.
File: ./images/accuraciesPhonemModeling.png Graphic file (type png)
<use ./images/accuraciesPhonemModeling.png>
Package pdftex.def Info: ./images/accuraciesPhonemModeling.png  used on input line 64.
(pdftex.def)             Requested size: 236.99556pt x 170.71652pt.
File: ./images/accuraciesPhonemModeling.png Graphic file (type png)
<use ./images/accuraciesPhonemModeling.png>
Package pdftex.def Info: ./images/accuraciesPhonemModeling.png  used on input line 64.
(pdftex.def)             Requested size: 236.99556pt x 170.71652pt.

Overfull \hbox (64.18243pt too wide) detected at line 64
 [] 
 []

File: ./images/phonemModeling.png Graphic file (type png)
<use ./images/phonemModeling.png>
Package pdftex.def Info: ./images/phonemModeling.png  used on input line 64.
(pdftex.def)             Requested size: 270.15514pt x 170.71652pt.
File: ./images/phonemModeling.png Graphic file (type png)
<use ./images/phonemModeling.png>
Package pdftex.def Info: ./images/phonemModeling.png  used on input line 64.
(pdftex.def)             Requested size: 270.15514pt x 170.71652pt.
File: ./images/phonemModeling.png Graphic file (type png)
<use ./images/phonemModeling.png>
Package pdftex.def Info: ./images/phonemModeling.png  used on input line 64.
(pdftex.def)             Requested size: 270.15514pt x 170.71652pt.
File: ./images/accuraciesPhonemModeling.png Graphic file (type png)
<use ./images/accuraciesPhonemModeling.png>
Package pdftex.def Info: ./images/accuraciesPhonemModeling.png  used on input line 64.
(pdftex.def)             Requested size: 236.99556pt x 170.71652pt.
File: ./images/accuraciesPhonemModeling.png Graphic file (type png)
<use ./images/accuraciesPhonemModeling.png>
Package pdftex.def Info: ./images/accuraciesPhonemModeling.png  used on input line 64.
(pdftex.def)             Requested size: 236.99556pt x 170.71652pt.
File: ./images/accuraciesPhonemModeling.png Graphic file (type png)
<use ./images/accuraciesPhonemModeling.png>
Package pdftex.def Info: ./images/accuraciesPhonemModeling.png  used on input line 64.
(pdftex.def)             Requested size: 236.99556pt x 170.71652pt.

Overfull \hbox (64.18243pt too wide) detected at line 64
 [] 
 []

[10] [11 <./images/phonemModeling.png> <./images/accuraciesPhonemModeling.png>]
<./images/TransformerNetwork.png, id=352, 1971.365pt x 1186.4325pt>
File: ./images/TransformerNetwork.png Graphic file (type png)
<use ./images/TransformerNetwork.png>
Package pdftex.def Info: ./images/TransformerNetwork.png  used on input line 85.
(pdftex.def)             Requested size: 452.96826pt x 272.60219pt.
<./images/BiLTSM.png, id=353, 527.9725pt x 273.02pt>
File: ./images/BiLTSM.png Graphic file (type png)
<use ./images/BiLTSM.png>
Package pdftex.def Info: ./images/BiLTSM.png  used on input line 92.
(pdftex.def)             Requested size: 452.96826pt x 234.23439pt.


LaTeX Warning: `!h' float specifier changed to `!ht'.

[12 <./images/TransformerNetwork.png>]
Overfull \hbox (3.00366pt too wide) in paragraph at lines 107--112
\OT1/ptm/m/n/12 at their re-sults for wav2vec, E2E out-per-formed seg-mented train-ing by 12.47% in SER, de-creased
 []

[13 <./images/BiLTSM.png>]
<./images/wav2vecLID.png, id=371, 777.90625pt x 337.26pt>
File: ./images/wav2vecLID.png Graphic file (type png)
<use ./images/wav2vecLID.png>
Package pdftex.def Info: ./images/wav2vecLID.png  used on input line 140.
(pdftex.def)             Requested size: 452.96826pt x 196.388pt.
<./images/XLS-R-acc.png, id=372, 409.53pt x 294.09875pt>
File: ./images/XLS-R-acc.png Graphic file (type png)
<use ./images/XLS-R-acc.png>
Package pdftex.def Info: ./images/XLS-R-acc.png  used on input line 154.
(pdftex.def)             Requested size: 237.72127pt x 170.71652pt.
File: ./images/XLS-R-acc.png Graphic file (type png)
<use ./images/XLS-R-acc.png>
Package pdftex.def Info: ./images/XLS-R-acc.png  used on input line 154.
(pdftex.def)             Requested size: 237.72127pt x 170.71652pt.
File: ./images/XLS-R-acc.png Graphic file (type png)
<use ./images/XLS-R-acc.png>
Package pdftex.def Info: ./images/XLS-R-acc.png  used on input line 154.
(pdftex.def)             Requested size: 237.72127pt x 170.71652pt.
<./images/XLS-R.png, id=373, 460.72125pt x 338.26375pt>
File: ./images/XLS-R.png Graphic file (type png)
<use ./images/XLS-R.png>
Package pdftex.def Info: ./images/XLS-R.png  used on input line 154.
(pdftex.def)             Requested size: 271.28186pt x 199.16928pt.
File: ./images/XLS-R.png Graphic file (type png)
<use ./images/XLS-R.png>
Package pdftex.def Info: ./images/XLS-R.png  used on input line 154.
(pdftex.def)             Requested size: 271.28186pt x 199.16928pt.
File: ./images/XLS-R.png Graphic file (type png)
<use ./images/XLS-R.png>
Package pdftex.def Info: ./images/XLS-R.png  used on input line 154.
(pdftex.def)             Requested size: 271.28186pt x 199.16928pt.

Overfull \hbox (66.03487pt too wide) detected at line 154
 [] 
 []

File: ./images/XLS-R-acc.png Graphic file (type png)
<use ./images/XLS-R-acc.png>
Package pdftex.def Info: ./images/XLS-R-acc.png  used on input line 154.
(pdftex.def)             Requested size: 237.72127pt x 170.71652pt.
File: ./images/XLS-R-acc.png Graphic file (type png)
<use ./images/XLS-R-acc.png>
Package pdftex.def Info: ./images/XLS-R-acc.png  used on input line 154.
(pdftex.def)             Requested size: 237.72127pt x 170.71652pt.
File: ./images/XLS-R-acc.png Graphic file (type png)
<use ./images/XLS-R-acc.png>
Package pdftex.def Info: ./images/XLS-R-acc.png  used on input line 154.
(pdftex.def)             Requested size: 237.72127pt x 170.71652pt.
File: ./images/XLS-R.png Graphic file (type png)
<use ./images/XLS-R.png>
Package pdftex.def Info: ./images/XLS-R.png  used on input line 154.
(pdftex.def)             Requested size: 271.28186pt x 199.16928pt.
File: ./images/XLS-R.png Graphic file (type png)
<use ./images/XLS-R.png>
Package pdftex.def Info: ./images/XLS-R.png  used on input line 154.
(pdftex.def)             Requested size: 271.28186pt x 199.16928pt.
File: ./images/XLS-R.png Graphic file (type png)
<use ./images/XLS-R.png>
Package pdftex.def Info: ./images/XLS-R.png  used on input line 154.
(pdftex.def)             Requested size: 271.28186pt x 199.16928pt.

Overfull \hbox (66.03487pt too wide) detected at line 154
 [] 
 []

[14 <./images/wav2vecLID.png>]
Overfull \hbox (42.27579pt too wide) in paragraph at lines 159--185
 [] 
 []

[15 <./images/XLS-R-acc.png> <./images/XLS-R.png>]
Chapter 4.
<./images/BlockDiagram.png, id=396, 1011.78pt x 253.94875pt>
File: ./images/BlockDiagram.png Graphic file (type png)
<use ./images/BlockDiagram.png>
Package pdftex.def Info: ./images/BlockDiagram.png  used on input line 208.
(pdftex.def)             Requested size: 452.96826pt x 113.69075pt.

Overfull \hbox (10.76733pt too wide) in paragraph at lines 214--220
\OT1/ptm/m/n/12 ac-cu-racy of 85% for both the 4 gen-er-alised di-alects and the 17 finer di-alects. This will demon-strate
 []

[16

 <./images/BlockDiagram.png>] [17]
Chapter 5.

Underfull \hbox (badness 10000) in paragraph at lines 229--232

 []


Underfull \hbox (badness 4144) in paragraph at lines 242--247
\OT1/ptm/m/n/12 conversational au-dio on var-i-ous
 []


Underfull \hbox (badness 10000) in paragraph at lines 251--251
[]|\OT1/ptm/m/n/12 QASR:
 []


Underfull \hbox (badness 10000) in paragraph at lines 251--251
\OT1/ptm/m/n/12 QCRI
 []


Overfull \hbox (3.29218pt too wide) in paragraph at lines 251--251
\OT1/ptm/m/n/12 Al-jazeera
 []


Underfull \hbox (badness 10000) in paragraph at lines 251--251
\OT1/ptm/m/n/12 Speech
 []


Overfull \hbox (1.9724pt too wide) in paragraph at lines 251--251
\OT1/ptm/m/n/12 Re-source| 
 []


Underfull \hbox (badness 3449) in paragraph at lines 253--257
\OT1/ptm/b/n/12 Source: \OT1/ptm/m/n/12 Al-jazeera broad-cast-ing
 []


Underfull \hbox (badness 1308) in paragraph at lines 258--258
\OT1/ptm/m/n/12 con-tact in-for-ma-tion is
 []


Underfull \hbox (badness 10000) in paragraph at lines 259--260
[]|\OT1/ptm/m/n/12 Access
 []


Underfull \hbox (badness 10000) in paragraph at lines 259--260
\OT1/ptm/m/n/12 un-avail-able
 []


Underfull \hbox (badness 10000) in paragraph at lines 259--260
\OT1/ptm/m/n/12 information
 []


Underfull \hbox (badness 2600) in paragraph at lines 263--266
[]|\OT1/ptm/b/n/12 Amount: \OT1/ptm/m/n/12 8hrs of high qual-ity
 []


Underfull \hbox (badness 10000) in paragraph at lines 267--268
[]|\OT1/ptm/m/n/12 The dataset is very
 []


Underfull \hbox (badness 10000) in paragraph at lines 267--268
\OT1/ptm/m/n/12 small com-pared to
 []


Underfull \hbox (badness 2990) in paragraph at lines 267--268
\OT1/ptm/m/n/12 al-ter-nate datasets and
 []


Underfull \hbox (badness 3354) in paragraph at lines 269--270
\OT1/ptm/m/n/12 granted but can
 []


Underfull \hbox (badness 10000) in paragraph at lines 269--270
\OT1/ptm/m/n/12 through
 []


Underfull \hbox (badness 10000) in paragraph at lines 269--270
\OT1/ptm/m/n/12 con-tact-ing Dr.
 []


Overfull \hbox (11.99663pt too wide) in paragraph at lines 235--272
 [] 
 []

[18

] [19]
<./images/DataSetDetails.png, id=426, 547.04375pt x 363.3575pt>
File: ./images/DataSetDetails.png Graphic file (type png)
<use ./images/DataSetDetails.png>
Package pdftex.def Info: ./images/DataSetDetails.png  used on input line 302.
(pdftex.def)             Requested size: 452.96826pt x 300.87141pt.
<./images/Trainingplot.png, id=427, 574.145pt x 425.59pt>
File: ./images/Trainingplot.png Graphic file (type png)
<use ./images/Trainingplot.png>
Package pdftex.def Info: ./images/Trainingplot.png  used on input line 317.
(pdftex.def)             Requested size: 230.31099pt x 170.71652pt.
File: ./images/Trainingplot.png Graphic file (type png)
<use ./images/Trainingplot.png>
Package pdftex.def Info: ./images/Trainingplot.png  used on input line 317.
(pdftex.def)             Requested size: 230.31099pt x 170.71652pt.
File: ./images/Trainingplot.png Graphic file (type png)
<use ./images/Trainingplot.png>
Package pdftex.def Info: ./images/Trainingplot.png  used on input line 317.
(pdftex.def)             Requested size: 230.31099pt x 170.71652pt.
<./images/DialectGroups.png, id=428, 522.95375pt x 181.67876pt>
File: ./images/DialectGroups.png Graphic file (type png)
<use ./images/DialectGroups.png>
Package pdftex.def Info: ./images/DialectGroups.png  used on input line 317.
(pdftex.def)             Requested size: 245.70052pt x 85.35826pt.
File: ./images/DialectGroups.png Graphic file (type png)
<use ./images/DialectGroups.png>
Package pdftex.def Info: ./images/DialectGroups.png  used on input line 317.
(pdftex.def)             Requested size: 245.70052pt x 85.35826pt.
File: ./images/DialectGroups.png Graphic file (type png)
<use ./images/DialectGroups.png>
Package pdftex.def Info: ./images/DialectGroups.png  used on input line 317.
(pdftex.def)             Requested size: 245.70052pt x 85.35826pt.

Overfull \hbox (33.04324pt too wide) detected at line 317
 [] 
 []

File: ./images/Trainingplot.png Graphic file (type png)
<use ./images/Trainingplot.png>
Package pdftex.def Info: ./images/Trainingplot.png  used on input line 317.
(pdftex.def)             Requested size: 230.31099pt x 170.71652pt.
File: ./images/Trainingplot.png Graphic file (type png)
<use ./images/Trainingplot.png>
Package pdftex.def Info: ./images/Trainingplot.png  used on input line 317.
(pdftex.def)             Requested size: 230.31099pt x 170.71652pt.
File: ./images/Trainingplot.png Graphic file (type png)
<use ./images/Trainingplot.png>
Package pdftex.def Info: ./images/Trainingplot.png  used on input line 317.
(pdftex.def)             Requested size: 230.31099pt x 170.71652pt.
File: ./images/DialectGroups.png Graphic file (type png)
<use ./images/DialectGroups.png>
Package pdftex.def Info: ./images/DialectGroups.png  used on input line 317.
(pdftex.def)             Requested size: 245.70052pt x 85.35826pt.
File: ./images/DialectGroups.png Graphic file (type png)
<use ./images/DialectGroups.png>
Package pdftex.def Info: ./images/DialectGroups.png  used on input line 317.
(pdftex.def)             Requested size: 245.70052pt x 85.35826pt.
File: ./images/DialectGroups.png Graphic file (type png)
<use ./images/DialectGroups.png>
Package pdftex.def Info: ./images/DialectGroups.png  used on input line 317.
(pdftex.def)             Requested size: 245.70052pt x 85.35826pt.

Overfull \hbox (33.04324pt too wide) detected at line 317
 [] 
 []

[20 <./images/DataSetDetails.png>]
<./images/ADI17_Dataset.png, id=438, 1693.32625pt x 1426.32875pt>
File: ./images/ADI17_Dataset.png Graphic file (type png)
<use ./images/ADI17_Dataset.png>
Package pdftex.def Info: ./images/ADI17_Dataset.png  used on input line 329.
(pdftex.def)             Requested size: 236.44394pt x 199.16928pt.
File: ./images/ADI17_Dataset.png Graphic file (type png)
<use ./images/ADI17_Dataset.png>
Package pdftex.def Info: ./images/ADI17_Dataset.png  used on input line 329.
(pdftex.def)             Requested size: 236.44394pt x 199.16928pt.
File: ./images/ADI17_Dataset.png Graphic file (type png)
<use ./images/ADI17_Dataset.png>
Package pdftex.def Info: ./images/ADI17_Dataset.png  used on input line 329.
(pdftex.def)             Requested size: 236.44394pt x 199.16928pt.
<./images/ADI17_split.png, id=439, 1829.83624pt x 417.56pt>
File: ./images/ADI17_split.png Graphic file (type png)
<use ./images/ADI17_split.png>
Package pdftex.def Info: ./images/ADI17_split.png  used on input line 329.
(pdftex.def)             Requested size: 249.3626pt x 56.9055pt.
File: ./images/ADI17_split.png Graphic file (type png)
<use ./images/ADI17_split.png>
Package pdftex.def Info: ./images/ADI17_split.png  used on input line 329.
(pdftex.def)             Requested size: 249.3626pt x 56.9055pt.
File: ./images/ADI17_split.png Graphic file (type png)
<use ./images/ADI17_split.png>
Package pdftex.def Info: ./images/ADI17_split.png  used on input line 329.
(pdftex.def)             Requested size: 249.3626pt x 56.9055pt.

Overfull \hbox (42.83827pt too wide) detected at line 329
 [] 
 []

File: ./images/ADI17_Dataset.png Graphic file (type png)
<use ./images/ADI17_Dataset.png>
Package pdftex.def Info: ./images/ADI17_Dataset.png  used on input line 329.
(pdftex.def)             Requested size: 236.44394pt x 199.16928pt.
File: ./images/ADI17_Dataset.png Graphic file (type png)
<use ./images/ADI17_Dataset.png>
Package pdftex.def Info: ./images/ADI17_Dataset.png  used on input line 329.
(pdftex.def)             Requested size: 236.44394pt x 199.16928pt.
File: ./images/ADI17_Dataset.png Graphic file (type png)
<use ./images/ADI17_Dataset.png>
Package pdftex.def Info: ./images/ADI17_Dataset.png  used on input line 329.
(pdftex.def)             Requested size: 236.44394pt x 199.16928pt.
File: ./images/ADI17_split.png Graphic file (type png)
<use ./images/ADI17_split.png>
Package pdftex.def Info: ./images/ADI17_split.png  used on input line 329.
(pdftex.def)             Requested size: 249.3626pt x 56.9055pt.
File: ./images/ADI17_split.png Graphic file (type png)
<use ./images/ADI17_split.png>
Package pdftex.def Info: ./images/ADI17_split.png  used on input line 329.
(pdftex.def)             Requested size: 249.3626pt x 56.9055pt.
File: ./images/ADI17_split.png Graphic file (type png)
<use ./images/ADI17_split.png>
Package pdftex.def Info: ./images/ADI17_split.png  used on input line 329.
(pdftex.def)             Requested size: 249.3626pt x 56.9055pt.

Overfull \hbox (42.83827pt too wide) detected at line 329
 [] 
 []

<./images/noiseDataset.png, id=440, 527.9725pt x 302.12875pt>
File: ./images/noiseDataset.png Graphic file (type png)
<use ./images/noiseDataset.png>
Package pdftex.def Info: ./images/noiseDataset.png  used on input line 334.
(pdftex.def)             Requested size: 452.96826pt x 259.2079pt.

LaTeX Warning: `!h' float specifier changed to `!ht'.

[21 <./images/Trainingplot.png> <./images/DialectGroups.png> <./images/ADI17_Dataset.png> <./images/ADI17_split.png>] [22 <./images/noiseDataset.png>]
Chapter 6.

Overfull \hbox (13.32378pt too wide) in paragraph at lines 345--351
\OT1/ptm/m/n/12 Tasks have been bro-ken into man-age-able 2-3 week in-ter-vals and test-ing, eval-u-at-ing and as-sign-ment
 []

<images/timeline.png, id=456, 2068.72874pt x 1314.9125pt>
File: images/timeline.png Graphic file (type png)
<use images/timeline.png>
Package pdftex.def Info: images/timeline.png  used on input line 364.
(pdftex.def)             Requested size: 452.96826pt x 287.89723pt.

LaTeX Warning: `h' float specifier changed to `ht'.


Overfull \hbox (3.69797pt too wide) in paragraph at lines 374--375
[]\OT1/ptm/m/n/12 Investigate the sys-tem's per-for-mance and de-ter-mine if it is ro-bust for low re-source di-alects. 
 []

[23

] [24 </Users/myounes/Documents/Code/thesis/thesisA/images/timeline.png>])
Underfull \hbox (badness 10000) in paragraph at lines 459--18

 []


Overfull \hbox (16.2872pt too wide) in paragraph at lines 459--18
\OT1/ptm/m/n/12 hours to present re-sults. This time de-lay will make de-bug-ging chal-leng-ing, al-though by an-tic-i-pat-ing
 []


Underfull \hbox (badness 10000) in paragraph at lines 459--18

 []


Underfull \hbox (badness 10000) in paragraph at lines 459--18

 []


Overfull \hbox (1.99545pt too wide) in paragraph at lines 459--18
\OT1/ptm/b/n/12 Negative Trans-fer: \OT1/ptm/m/n/12 In trans-fer learn-ing, there is the risk that pre-vi-ous knowl-edge of a pre-trained
 []

[25] [26]
\openout2 = `evaluation.aux'.


No file evaluation.tex.
\openout2 = `conclusion.aux'.

(/Users/myounes/Documents/Code/thesis/thesisA/conclusion.tex
Chapter 7.
) [27





] (/Users/myounes/Documents/Code/thesis/thesisA/thesis.bbl
Underfull \hbox (badness 2318) in paragraph at lines 41--46
[]\OT1/ptm/m/n/12 Ahmed Ali, Sham-mur Chowd-hury, Amir Hus-sein, and Yasser Hifny.  Ara-bic
 []


Underfull \hbox (badness 2582) in paragraph at lines 74--78
[]\OT1/ptm/m/n/12 Alexei Baevski, Michael Auli, and Ab-del-rah-man Mo-hamed.  Ef-fec-tive-ness of
 []

[28


]
Underfull \hbox (badness 2486) in paragraph at lines 87--92
[]\OT1/ptm/m/n/12 Trapit Bansal, Rishikesh Jha, Tsend-suren Munkhdalai, and An-drew Mc-Cal-lum.
 []


Underfull \hbox (badness 1983) in paragraph at lines 100--105
\OT1/ptm/m/n/12 us-ing phono-tac-tic mod-el-ing.  In \OT1/ptm/m/it/12 Pro-ceed-ings of the EACL 2009 Work-shop on
 []


Underfull \hbox (badness 3724) in paragraph at lines 135--140
\OT1/ptm/m/n/12 Ra-di-o-log-i-cal Lan-guage with Bidi-rec-tional Long Short-Term Mem-ory Net-works.
 []


Underfull \hbox (badness 2326) in paragraph at lines 161--167
\OT1/ptm/m/n/12 Salakhut-di-nov, and Ab-del-rah-man Mo-hamed.  Hu-BERT: Self-Supervised Speech
 []

[29]
Underfull \hbox (badness 1205) in paragraph at lines 176--181
\OT1/ptm/m/n/12 Au-to-matic Lan-guage Iden-ti-fi-ca-tion in Texts: A Sur-vey.  \OT1/ptm/m/it/12 arXiv:1804.08186 [cs]\OT1/ptm/m/n/12 ,
 []


Underfull \hbox (badness 1275) in paragraph at lines 245--249
[]\OT1/ptm/m/n/12 Xiaoxiao Miao, Ian McLough-lin, and Yonghong Yan.  A New Time-Frequency
 []

[30]
Underfull \hbox (badness 2689) in paragraph at lines 307--313
\OT1/ptm/m/it/12 Work-shop\OT1/ptm/m/n/12 , pages 46--54, Va-len-cia, Spain, 2017. As-so-ci-a-tion for Com-pu-ta-tional
 []


Underfull \hbox (badness 2269) in paragraph at lines 324--330
[]\OT1/ptm/m/n/12 Sanket Shah, Sunayana Sitaram, and Ru-peshku-mar Mehta.  First-Work-shop on
 []

[31]
Underfull \hbox (badness 6032) in paragraph at lines 395--401
\OT1/ptm/m/n/12 Wav2vec 2.0/Hu-BERT Bench-mark For Speech Emo-tion Recog-ni-tion, Speaker
 []


Underfull \hbox (badness 1460) in paragraph at lines 395--401
\OT1/ptm/m/n/12 Ver-i-fi-ca-tion and Spo-ken Lan-guage Un-der-stand-ing.  \OT1/ptm/m/it/12 arXiv:2111.02735 [cs, eess]\OT1/ptm/m/n/12 ,
 []


Underfull \hbox (badness 2753) in paragraph at lines 408--414
[]\OT1/ptm/m/n/12 Chiyu Zhang and Muham-mad Abdul-Mageed.  No Army, No Navy: BERT
 []


Underfull \hbox (badness 2326) in paragraph at lines 408--414
\OT1/ptm/m/it/12 Nat-u-ral Lan-guage Pro-cess-ing Work-shop\OT1/ptm/m/n/12 , pages 279--284, Flo-rence, Italy, 2019.
 []


Underfull \hbox (badness 1609) in paragraph at lines 416--421
[]\OT1/ptm/m/n/12 Qian Zhang and John H. L. Hansen.  Lan-guage/Dialect Recog-ni-tion Based on
 []

[32]) [33]
\openout2 = `appendix.aux'.

 (/Users/myounes/Documents/Code/thesis/thesisA/appendix.tex
<riskAssessment.pdf, id=577, 597.23125pt x 845.1575pt>
File: riskAssessment.pdf Graphic file (type pdf)
<use riskAssessment.pdf>
Package pdftex.def Info: riskAssessment.pdf  used on input line 4.
(pdftex.def)             Requested size: 597.22978pt x 845.15544pt.
File: riskAssessment.pdf Graphic file (type pdf)
<use riskAssessment.pdf>
Package pdftex.def Info: riskAssessment.pdf  used on input line 4.
(pdftex.def)             Requested size: 597.22978pt x 845.15544pt.
<riskAssessment.pdf, id=580, page=1, 597.23125pt x 845.1575pt>
File: riskAssessment.pdf Graphic file (type pdf)
<use riskAssessment.pdf, page 1>
Package pdftex.def Info: riskAssessment.pdf , page1 used on input line 4.
(pdftex.def)             Requested size: 597.22978pt x 845.15544pt.
File: riskAssessment.pdf Graphic file (type pdf)
<use riskAssessment.pdf, page 1>
Package pdftex.def Info: riskAssessment.pdf , page1 used on input line 4.
(pdftex.def)             Requested size: 597.25711pt x 845.19412pt.
 [34


]
File: riskAssessment.pdf Graphic file (type pdf)
<use riskAssessment.pdf, page 1>
Package pdftex.def Info: riskAssessment.pdf , page1 used on input line 4.
(pdftex.def)             Requested size: 597.25711pt x 845.19412pt.
File: riskAssessment.pdf Graphic file (type pdf)
<use riskAssessment.pdf, page 1>
Package pdftex.def Info: riskAssessment.pdf , page1 used on input line 4.
(pdftex.def)             Requested size: 597.25711pt x 845.19412pt.
File: riskAssessment.pdf Graphic file (type pdf)
<use riskAssessment.pdf, page 1>
Package pdftex.def Info: riskAssessment.pdf , page1 used on input line 4.
(pdftex.def)             Requested size: 597.25711pt x 845.19412pt.
 [35 </Users/myounes/Documents/Code/thesis/thesisA/riskAssessment.pdf>]
<riskAssessment.pdf, id=605, page=2, 597.23125pt x 845.1575pt>
File: riskAssessment.pdf Graphic file (type pdf)
<use riskAssessment.pdf, page 2>
Package pdftex.def Info: riskAssessment.pdf , page2 used on input line 4.
(pdftex.def)             Requested size: 597.25711pt x 845.19412pt.
File: riskAssessment.pdf Graphic file (type pdf)
<use riskAssessment.pdf, page 2>
Package pdftex.def Info: riskAssessment.pdf , page2 used on input line 4.
(pdftex.def)             Requested size: 597.25711pt x 845.19412pt.
File: riskAssessment.pdf Graphic file (type pdf)
<use riskAssessment.pdf, page 2>
Package pdftex.def Info: riskAssessment.pdf , page2 used on input line 4.
(pdftex.def)             Requested size: 597.25711pt x 845.19412pt.
 [36 </Users/myounes/Documents/Code/thesis/thesisA/riskAssessment.pdf>]
<riskAssessment.pdf, id=616, page=3, 597.23125pt x 845.1575pt>
File: riskAssessment.pdf Graphic file (type pdf)
<use riskAssessment.pdf, page 3>
Package pdftex.def Info: riskAssessment.pdf , page3 used on input line 4.
(pdftex.def)             Requested size: 597.25711pt x 845.19412pt.
File: riskAssessment.pdf Graphic file (type pdf)
<use riskAssessment.pdf, page 3>
Package pdftex.def Info: riskAssessment.pdf , page3 used on input line 4.
(pdftex.def)             Requested size: 597.25711pt x 845.19412pt.
File: riskAssessment.pdf Graphic file (type pdf)
<use riskAssessment.pdf, page 3>
Package pdftex.def Info: riskAssessment.pdf , page3 used on input line 4.
(pdftex.def)             Requested size: 597.25711pt x 845.19412pt.
 [37 </Users/myounes/Documents/Code/thesis/thesisA/riskAssessment.pdf>])
Package atveryend Info: Empty hook `BeforeClearDocument' on input line 26.
Package atveryend Info: Empty hook `AfterLastShipout' on input line 26.
 (/Users/myounes/Documents/Code/thesis/thesisA/thesis.aux (/Users/myounes/Documents/Code/thesis/thesisA/cover.aux) (/Users/myounes/Documents/Code/thesis/thesisA/acknowledgements.aux) (/Users/myounes/Documents/Code/thesis/thesisA/abbreviations.aux) (/Users/myounes/Documents/Code/thesis/thesisA/introduction.aux) (/Users/myounes/Documents/Code/thesis/thesisA/background.aux) (/Users/myounes/Documents/Code/thesis/thesisA/mywork.aux) (/Users/myounes/Documents/Code/thesis/thesisA/evaluation.aux) (/Users/myounes/Documents/Code/thesis/thesisA/conclusion.aux) (/Users/myounes/Documents/Code/thesis/thesisA/appendix.aux))
Package atveryend Info: Executing hook `AtVeryEndDocument' on input line 26.
Package atveryend Info: Executing hook `AtEndAfterFileList' on input line 26.
Package rerunfilecheck Info: File `thesis.out' has not changed.
(rerunfilecheck)             Checksum: 5BD709F3176F6EAB525B7648EBC093B5;2115.


LaTeX Font Warning: Some font shapes were not available, defaults substituted.

Package atveryend Info: Empty hook `AtVeryVeryEnd' on input line 26.
 ) 
Here is how much of TeX's memory you used:
 10489 strings out of 492649
 162520 string characters out of 6129622
 268485 words of memory out of 5000000
 13960 multiletter control sequences out of 15000+600000
 28505 words of font info for 57 fonts, out of 8000000 for 9000
 1141 hyphenation exceptions out of 8191
 44i,18n,48p,506b,484s stack positions out of 5000i,500n,10000p,200000b,80000s
{/usr/local/texlive/2018/texmf-dist/fonts/enc/dvips/base/8r.enc}</usr/local/texlive/2018/texmf-dist/fonts/type1/public/amsfonts/cm/cmsy10.pfb></usr/local/texlive/2018/texmf-dist/fonts/type1/public/cbfonts/grmn1200.pfb></usr/local/texlive/2018/texmf-dist/fonts/type1/urw/times/utmb8a.pfb></usr/local/texlive/2018/texmf-dist/fonts/type1/urw/times/utmr8a.pfb></usr/local/texlive/2018/texmf-dist/fonts/type1/urw/times/utmri8a.pfb>
Output written on /Users/myounes/Documents/Code/thesis/thesisA/thesis.pdf (39 pages, 3478342 bytes).
PDF statistics:
 679 PDF objects out of 1000 (max. 8388607)
 579 compressed objects within 6 object streams
 163 named destinations out of 1000 (max. 500000)
 391 words of extra memory for PDF output out of 10000 (max. 10000000)

